[2025-01-19T20:32:14.753+0000] {manager.py:469} INFO - Processing files using up to 2 processes at a time 
[2025-01-19T20:32:14.756+0000] {manager.py:470} INFO - Process each file at most once every 30 seconds
[2025-01-19T20:32:14.756+0000] {manager.py:471} INFO - Checking for new files in /opt/airflow/dags every 300 seconds
[2025-01-19T20:32:14.757+0000] {manager.py:738} INFO - Searching for files in /opt/airflow/dags
[2025-01-19T20:32:14.848+0000] {manager.py:741} INFO - There are 1 files in /opt/airflow/dags
[2025-01-19T20:32:15.797+0000] {manager.py:879} INFO - 
================================================================================
DAG File Processing Stats

File Path                           PID  Runtime      # DAGs    # Errors  Last Runtime    Last Run
--------------------------------  -----  ---------  --------  ----------  --------------  ----------
/opt/airflow/dags/insert_data.py     70  0.59s             0           0
================================================================================
[2025-01-19T20:32:45.971+0000] {manager.py:879} INFO - 
================================================================================
DAG File Processing Stats

File Path                         PID    Runtime      # DAGs    # Errors  Last Runtime    Last Run
--------------------------------  -----  ---------  --------  ----------  --------------  -------------------
/opt/airflow/dags/insert_data.py                           0           1  5.99s           2025-01-19T20:32:21
================================================================================
[2025-01-19T20:33:16.151+0000] {manager.py:879} INFO - 
================================================================================
DAG File Processing Stats

File Path                         PID    Runtime      # DAGs    # Errors  Last Runtime    Last Run
--------------------------------  -----  ---------  --------  ----------  --------------  -------------------
/opt/airflow/dags/insert_data.py                           0           1  0.60s           2025-01-19T20:32:52
================================================================================
[2025-01-19T20:33:46.379+0000] {manager.py:879} INFO - 
================================================================================
DAG File Processing Stats

File Path                         PID    Runtime      # DAGs    # Errors  Last Runtime    Last Run
--------------------------------  -----  ---------  --------  ----------  --------------  -------------------
/opt/airflow/dags/insert_data.py                           0           1  0.37s           2025-01-19T20:33:22
================================================================================
[2025-01-19T20:34:16.399+0000] {manager.py:879} INFO - 
================================================================================
DAG File Processing Stats

File Path                         PID    Runtime      # DAGs    # Errors  Last Runtime    Last Run
--------------------------------  -----  ---------  --------  ----------  --------------  -------------------
/opt/airflow/dags/insert_data.py                           0           1  3.57s           2025-01-19T20:33:56
================================================================================
[2025-01-19T20:34:46.843+0000] {manager.py:879} INFO - 
================================================================================
DAG File Processing Stats

File Path                         PID    Runtime      # DAGs    # Errors  Last Runtime    Last Run
--------------------------------  -----  ---------  --------  ----------  --------------  -------------------
/opt/airflow/dags/insert_data.py                           1           0  1.33s           2025-01-19T20:34:28
================================================================================
[2025-01-19T20:35:17.334+0000] {manager.py:879} INFO - 
================================================================================
DAG File Processing Stats

File Path                         PID    Runtime      # DAGs    # Errors  Last Runtime    Last Run
--------------------------------  -----  ---------  --------  ----------  --------------  -------------------
/opt/airflow/dags/insert_data.py                           1           0  0.46s           2025-01-19T20:34:58
================================================================================
[2025-01-19T20:35:47.539+0000] {manager.py:879} INFO - 
================================================================================
DAG File Processing Stats

File Path                         PID    Runtime      # DAGs    # Errors  Last Runtime    Last Run
--------------------------------  -----  ---------  --------  ----------  --------------  -------------------
/opt/airflow/dags/insert_data.py                           1           0  0.54s           2025-01-19T20:35:29
================================================================================
[2025-01-19T20:36:17.748+0000] {manager.py:879} INFO - 
================================================================================
DAG File Processing Stats

File Path                         PID    Runtime      # DAGs    # Errors  Last Runtime    Last Run
--------------------------------  -----  ---------  --------  ----------  --------------  -------------------
/opt/airflow/dags/insert_data.py                           1           0  1.28s           2025-01-19T20:36:00
================================================================================
[2025-01-19T20:36:47.873+0000] {manager.py:879} INFO - 
================================================================================
DAG File Processing Stats

File Path                         PID    Runtime      # DAGs    # Errors  Last Runtime    Last Run
--------------------------------  -----  ---------  --------  ----------  --------------  -------------------
/opt/airflow/dags/insert_data.py                           1           0  0.54s           2025-01-19T20:36:31
================================================================================
[2025-01-19T20:37:15.716+0000] {manager.py:738} INFO - Searching for files in /opt/airflow/dags
[2025-01-19T20:37:16.429+0000] {manager.py:741} INFO - There are 1 files in /opt/airflow/dags
[2025-01-19T20:37:18.806+0000] {manager.py:879} INFO - 
================================================================================
DAG File Processing Stats

File Path                           PID  Runtime      # DAGs    # Errors  Last Runtime    Last Run
--------------------------------  -----  ---------  --------  ----------  --------------  -------------------
/opt/airflow/dags/insert_data.py    151  15.30s            1           0  0.54s           2025-01-19T20:36:31
================================================================================
[2025-01-19T20:37:48.998+0000] {manager.py:879} INFO - 
================================================================================
DAG File Processing Stats

File Path                         PID    Runtime      # DAGs    # Errors  Last Runtime    Last Run
--------------------------------  -----  ---------  --------  ----------  --------------  -------------------
/opt/airflow/dags/insert_data.py                           1           0  19.97s          2025-01-19T20:37:23
================================================================================
[2025-01-19T20:38:19.571+0000] {manager.py:879} INFO - 
================================================================================
DAG File Processing Stats

File Path                         PID    Runtime      # DAGs    # Errors  Last Runtime    Last Run
--------------------------------  -----  ---------  --------  ----------  --------------  -------------------
/opt/airflow/dags/insert_data.py                           1           0  1.11s           2025-01-19T20:37:54
================================================================================
[2025-01-19T20:38:49.819+0000] {manager.py:879} INFO - 
================================================================================
DAG File Processing Stats

File Path                         PID    Runtime      # DAGs    # Errors  Last Runtime    Last Run
--------------------------------  -----  ---------  --------  ----------  --------------  -------------------
/opt/airflow/dags/insert_data.py                           1           0  1.02s           2025-01-19T20:38:26
================================================================================
[2025-01-19T20:39:20.627+0000] {manager.py:879} INFO - 
================================================================================
DAG File Processing Stats

File Path                         PID    Runtime      # DAGs    # Errors  Last Runtime    Last Run
--------------------------------  -----  ---------  --------  ----------  --------------  -------------------
/opt/airflow/dags/insert_data.py                           1           0  0.59s           2025-01-19T20:38:57
================================================================================
[2025-01-19T20:39:50.803+0000] {manager.py:879} INFO - 
================================================================================
DAG File Processing Stats

File Path                         PID    Runtime      # DAGs    # Errors  Last Runtime    Last Run
--------------------------------  -----  ---------  --------  ----------  --------------  -------------------
/opt/airflow/dags/insert_data.py                           1           0  0.75s           2025-01-19T20:39:28
================================================================================
[2025-01-19T20:40:21.760+0000] {manager.py:879} INFO - 
================================================================================
DAG File Processing Stats

File Path                         PID    Runtime      # DAGs    # Errors  Last Runtime    Last Run
--------------------------------  -----  ---------  --------  ----------  --------------  -------------------
/opt/airflow/dags/insert_data.py                           1           0  1.01s           2025-01-19T20:39:59
================================================================================
[2025-01-19T20:40:51.979+0000] {manager.py:879} INFO - 
================================================================================
DAG File Processing Stats

File Path                         PID    Runtime      # DAGs    # Errors  Last Runtime    Last Run
--------------------------------  -----  ---------  --------  ----------  --------------  -------------------
/opt/airflow/dags/insert_data.py                           1           0  0.65s           2025-01-19T20:40:30
================================================================================
[2025-01-19T20:41:22.164+0000] {manager.py:879} INFO - 
================================================================================
DAG File Processing Stats

File Path                         PID    Runtime      # DAGs    # Errors  Last Runtime    Last Run
--------------------------------  -----  ---------  --------  ----------  --------------  -------------------
/opt/airflow/dags/insert_data.py                           1           0  1.41s           2025-01-19T20:41:02
================================================================================
[2025-01-19T20:41:52.464+0000] {manager.py:879} INFO - 
================================================================================
DAG File Processing Stats

File Path                         PID    Runtime      # DAGs    # Errors  Last Runtime    Last Run
--------------------------------  -----  ---------  --------  ----------  --------------  -------------------
/opt/airflow/dags/insert_data.py                           1           0  0.77s           2025-01-19T20:41:33
================================================================================
[2025-01-19T20:42:15.818+0000] {manager.py:738} INFO - Searching for files in /opt/airflow/dags
[2025-01-19T20:42:15.837+0000] {manager.py:741} INFO - There are 1 files in /opt/airflow/dags
[2025-01-19T20:42:22.671+0000] {manager.py:879} INFO - 
================================================================================
DAG File Processing Stats

File Path                         PID    Runtime      # DAGs    # Errors  Last Runtime    Last Run
--------------------------------  -----  ---------  --------  ----------  --------------  -------------------
/opt/airflow/dags/insert_data.py                           1           0  0.48s           2025-01-19T20:42:03
================================================================================
[2025-01-19T20:42:53.068+0000] {manager.py:879} INFO - 
================================================================================
DAG File Processing Stats

File Path                         PID    Runtime      # DAGs    # Errors  Last Runtime    Last Run
--------------------------------  -----  ---------  --------  ----------  --------------  -------------------
/opt/airflow/dags/insert_data.py                           1           0  0.45s           2025-01-19T20:42:34
================================================================================
