[2025-01-19T20:37:36.610+0000] {taskinstance.py:1956} INFO - Dependencies all met for dep_context=non-requeueable deps ti=<TaskInstance: insert_data.call_fill_dm_account_balance_f scheduled__2025-01-18T00:00:00+00:00 [queued]>
[2025-01-19T20:37:36.619+0000] {taskinstance.py:1956} INFO - Dependencies all met for dep_context=requeueable deps ti=<TaskInstance: insert_data.call_fill_dm_account_balance_f scheduled__2025-01-18T00:00:00+00:00 [queued]>
[2025-01-19T20:37:36.620+0000] {taskinstance.py:2170} INFO - Starting attempt 1 of 3
[2025-01-19T20:37:36.636+0000] {taskinstance.py:2191} INFO - Executing <Task(SQLExecuteQueryOperator): call_fill_dm_account_balance_f> on 2025-01-18 00:00:00+00:00
[2025-01-19T20:37:36.642+0000] {standard_task_runner.py:60} INFO - Started process 183 to run task
[2025-01-19T20:37:36.646+0000] {standard_task_runner.py:87} INFO - Running: ['***', 'tasks', 'run', 'insert_data', 'call_fill_dm_account_balance_f', 'scheduled__2025-01-18T00:00:00+00:00', '--job-id', '16', '--raw', '--subdir', 'DAGS_FOLDER/insert_data.py', '--cfg-path', '/tmp/tmp_5e8i85p']
[2025-01-19T20:37:36.648+0000] {standard_task_runner.py:88} INFO - Job 16: Subtask call_fill_dm_account_balance_f
[2025-01-19T20:37:36.918+0000] {task_command.py:423} INFO - Running <TaskInstance: insert_data.call_fill_dm_account_balance_f scheduled__2025-01-18T00:00:00+00:00 [running]> on host b8f36627e35c
[2025-01-19T20:37:36.990+0000] {taskinstance.py:2480} INFO - Exporting env vars: AIRFLOW_CTX_DAG_OWNER='dmitry' AIRFLOW_CTX_DAG_ID='insert_data' AIRFLOW_CTX_TASK_ID='call_fill_dm_account_balance_f' AIRFLOW_CTX_EXECUTION_DATE='2025-01-18T00:00:00+00:00' AIRFLOW_CTX_TRY_NUMBER='1' AIRFLOW_CTX_DAG_RUN_ID='scheduled__2025-01-18T00:00:00+00:00'
[2025-01-19T20:37:36.992+0000] {sql.py:276} INFO - Executing: truncate table dm.dm_account_balance_f;

INSERT INTO dm.dm_account_balance_f (on_date, account_rk, balance_out, balance_out_rub)
SELECT 
    b.on_date, 
    b.account_rk, 
    b.balance_out, 
    b.balance_out * COALESCE(er.reduced_cource, 1)
FROM 
    ds.ft_balance_f b
LEFT JOIN 
    ds.md_exchange_rate_d er
ON 
    b.currency_rk = er.currency_rk and b.on_date between er.data_actual_date and er.data_actual_end_date
WHERE 
    b.on_date = '2017-12-31';
	
DO $$
DECLARE
    day DATE := '2018-01-01';
BEGIN
    WHILE day <= '2018-01-31' LOOP
        CALL ds.fill_account_balance_f(day);
        day := day + INTERVAL '1 day';
    END LOOP;
END $$;
[2025-01-19T20:37:37.001+0000] {base.py:83} INFO - Using connection ID 'postgres-db' for task execution.
[2025-01-19T20:37:37.007+0000] {base.py:83} INFO - Using connection ID 'postgres-db' for task execution.
[2025-01-19T20:37:37.056+0000] {sql.py:450} INFO - Running statement: truncate table dm.dm_account_balance_f;

INSERT INTO dm.dm_account_balance_f (on_date, account_rk, balance_out, balance_out_rub)
SELECT 
    b.on_date, 
    b.account_rk, 
    b.balance_out, 
    b.balance_out * COALESCE(er.reduced_cource, 1)
FROM 
    ds.ft_balance_f b
LEFT JOIN 
    ds.md_exchange_rate_d er
ON 
    b.currency_rk = er.currency_rk and b.on_date between er.data_actual_date and er.data_actual_end_date
WHERE 
    b.on_date = '2017-12-31';
	
DO $$
DECLARE
    day DATE := '2018-01-01';
BEGIN
    WHILE day <= '2018-01-31' LOOP
        CALL ds.fill_account_balance_f(day);
        day := day + INTERVAL '1 day';
    END LOOP;
END $$;, parameters: None
[2025-01-19T20:37:37.122+0000] {taskinstance.py:1138} INFO - Marking task as SUCCESS. dag_id=insert_data, task_id=call_fill_dm_account_balance_f, execution_date=20250118T000000, start_date=20250119T203736, end_date=20250119T203737
[2025-01-19T20:37:37.181+0000] {local_task_job_runner.py:234} INFO - Task exited with return code 0
[2025-01-19T20:37:37.372+0000] {taskinstance.py:3280} INFO - 0 downstream tasks scheduled from follow-on schedule check
