[2025-01-19T20:32:14.753+0000] {manager.py:469} INFO - Processing files using up to 2 processes at a time 
[2025-01-19T20:32:14.756+0000] {manager.py:470} INFO - Process each file at most once every 30 seconds
[2025-01-19T20:32:14.756+0000] {manager.py:471} INFO - Checking for new files in /opt/airflow/dags every 300 seconds
[2025-01-19T20:32:14.757+0000] {manager.py:738} INFO - Searching for files in /opt/airflow/dags
[2025-01-19T20:32:14.848+0000] {manager.py:741} INFO - There are 1 files in /opt/airflow/dags
[2025-01-19T20:32:15.797+0000] {manager.py:879} INFO - 
================================================================================
DAG File Processing Stats

File Path                           PID  Runtime      # DAGs    # Errors  Last Runtime    Last Run
--------------------------------  -----  ---------  --------  ----------  --------------  ----------
/opt/airflow/dags/insert_data.py     70  0.59s             0           0
================================================================================
[2025-01-19T20:32:45.971+0000] {manager.py:879} INFO - 
================================================================================
DAG File Processing Stats

File Path                         PID    Runtime      # DAGs    # Errors  Last Runtime    Last Run
--------------------------------  -----  ---------  --------  ----------  --------------  -------------------
/opt/airflow/dags/insert_data.py                           0           1  5.99s           2025-01-19T20:32:21
================================================================================
[2025-01-19T20:33:16.151+0000] {manager.py:879} INFO - 
================================================================================
DAG File Processing Stats

File Path                         PID    Runtime      # DAGs    # Errors  Last Runtime    Last Run
--------------------------------  -----  ---------  --------  ----------  --------------  -------------------
/opt/airflow/dags/insert_data.py                           0           1  0.60s           2025-01-19T20:32:52
================================================================================
[2025-01-19T20:33:46.379+0000] {manager.py:879} INFO - 
================================================================================
DAG File Processing Stats

File Path                         PID    Runtime      # DAGs    # Errors  Last Runtime    Last Run
--------------------------------  -----  ---------  --------  ----------  --------------  -------------------
/opt/airflow/dags/insert_data.py                           0           1  0.37s           2025-01-19T20:33:22
================================================================================
[2025-01-19T20:34:16.399+0000] {manager.py:879} INFO - 
================================================================================
DAG File Processing Stats

File Path                         PID    Runtime      # DAGs    # Errors  Last Runtime    Last Run
--------------------------------  -----  ---------  --------  ----------  --------------  -------------------
/opt/airflow/dags/insert_data.py                           0           1  3.57s           2025-01-19T20:33:56
================================================================================
[2025-01-19T20:34:46.843+0000] {manager.py:879} INFO - 
================================================================================
DAG File Processing Stats

File Path                         PID    Runtime      # DAGs    # Errors  Last Runtime    Last Run
--------------------------------  -----  ---------  --------  ----------  --------------  -------------------
/opt/airflow/dags/insert_data.py                           1           0  1.33s           2025-01-19T20:34:28
================================================================================
[2025-01-19T20:35:17.334+0000] {manager.py:879} INFO - 
================================================================================
DAG File Processing Stats

File Path                         PID    Runtime      # DAGs    # Errors  Last Runtime    Last Run
--------------------------------  -----  ---------  --------  ----------  --------------  -------------------
/opt/airflow/dags/insert_data.py                           1           0  0.46s           2025-01-19T20:34:58
================================================================================
[2025-01-19T20:35:47.539+0000] {manager.py:879} INFO - 
================================================================================
DAG File Processing Stats

File Path                         PID    Runtime      # DAGs    # Errors  Last Runtime    Last Run
--------------------------------  -----  ---------  --------  ----------  --------------  -------------------
/opt/airflow/dags/insert_data.py                           1           0  0.54s           2025-01-19T20:35:29
================================================================================
[2025-01-19T20:36:17.748+0000] {manager.py:879} INFO - 
================================================================================
DAG File Processing Stats

File Path                         PID    Runtime      # DAGs    # Errors  Last Runtime    Last Run
--------------------------------  -----  ---------  --------  ----------  --------------  -------------------
/opt/airflow/dags/insert_data.py                           1           0  1.28s           2025-01-19T20:36:00
================================================================================
[2025-01-19T20:36:47.873+0000] {manager.py:879} INFO - 
================================================================================
DAG File Processing Stats

File Path                         PID    Runtime      # DAGs    # Errors  Last Runtime    Last Run
--------------------------------  -----  ---------  --------  ----------  --------------  -------------------
/opt/airflow/dags/insert_data.py                           1           0  0.54s           2025-01-19T20:36:31
================================================================================
[2025-01-19T20:37:15.716+0000] {manager.py:738} INFO - Searching for files in /opt/airflow/dags
[2025-01-19T20:37:16.429+0000] {manager.py:741} INFO - There are 1 files in /opt/airflow/dags
[2025-01-19T20:37:18.806+0000] {manager.py:879} INFO - 
================================================================================
DAG File Processing Stats

File Path                           PID  Runtime      # DAGs    # Errors  Last Runtime    Last Run
--------------------------------  -----  ---------  --------  ----------  --------------  -------------------
/opt/airflow/dags/insert_data.py    151  15.30s            1           0  0.54s           2025-01-19T20:36:31
================================================================================
[2025-01-19T20:37:48.998+0000] {manager.py:879} INFO - 
================================================================================
DAG File Processing Stats

File Path                         PID    Runtime      # DAGs    # Errors  Last Runtime    Last Run
--------------------------------  -----  ---------  --------  ----------  --------------  -------------------
/opt/airflow/dags/insert_data.py                           1           0  19.97s          2025-01-19T20:37:23
================================================================================
[2025-01-19T20:38:19.571+0000] {manager.py:879} INFO - 
================================================================================
DAG File Processing Stats

File Path                         PID    Runtime      # DAGs    # Errors  Last Runtime    Last Run
--------------------------------  -----  ---------  --------  ----------  --------------  -------------------
/opt/airflow/dags/insert_data.py                           1           0  1.11s           2025-01-19T20:37:54
================================================================================
[2025-01-19T20:38:49.819+0000] {manager.py:879} INFO - 
================================================================================
DAG File Processing Stats

File Path                         PID    Runtime      # DAGs    # Errors  Last Runtime    Last Run
--------------------------------  -----  ---------  --------  ----------  --------------  -------------------
/opt/airflow/dags/insert_data.py                           1           0  1.02s           2025-01-19T20:38:26
================================================================================
[2025-01-19T20:39:20.627+0000] {manager.py:879} INFO - 
================================================================================
DAG File Processing Stats

File Path                         PID    Runtime      # DAGs    # Errors  Last Runtime    Last Run
--------------------------------  -----  ---------  --------  ----------  --------------  -------------------
/opt/airflow/dags/insert_data.py                           1           0  0.59s           2025-01-19T20:38:57
================================================================================
[2025-01-19T20:39:50.803+0000] {manager.py:879} INFO - 
================================================================================
DAG File Processing Stats

File Path                         PID    Runtime      # DAGs    # Errors  Last Runtime    Last Run
--------------------------------  -----  ---------  --------  ----------  --------------  -------------------
/opt/airflow/dags/insert_data.py                           1           0  0.75s           2025-01-19T20:39:28
================================================================================
[2025-01-19T20:40:21.760+0000] {manager.py:879} INFO - 
================================================================================
DAG File Processing Stats

File Path                         PID    Runtime      # DAGs    # Errors  Last Runtime    Last Run
--------------------------------  -----  ---------  --------  ----------  --------------  -------------------
/opt/airflow/dags/insert_data.py                           1           0  1.01s           2025-01-19T20:39:59
================================================================================
[2025-01-19T20:40:51.979+0000] {manager.py:879} INFO - 
================================================================================
DAG File Processing Stats

File Path                         PID    Runtime      # DAGs    # Errors  Last Runtime    Last Run
--------------------------------  -----  ---------  --------  ----------  --------------  -------------------
/opt/airflow/dags/insert_data.py                           1           0  0.65s           2025-01-19T20:40:30
================================================================================
[2025-01-19T20:41:22.164+0000] {manager.py:879} INFO - 
================================================================================
DAG File Processing Stats

File Path                         PID    Runtime      # DAGs    # Errors  Last Runtime    Last Run
--------------------------------  -----  ---------  --------  ----------  --------------  -------------------
/opt/airflow/dags/insert_data.py                           1           0  1.41s           2025-01-19T20:41:02
================================================================================
[2025-01-19T20:41:52.464+0000] {manager.py:879} INFO - 
================================================================================
DAG File Processing Stats

File Path                         PID    Runtime      # DAGs    # Errors  Last Runtime    Last Run
--------------------------------  -----  ---------  --------  ----------  --------------  -------------------
/opt/airflow/dags/insert_data.py                           1           0  0.77s           2025-01-19T20:41:33
================================================================================
[2025-01-19T20:42:15.818+0000] {manager.py:738} INFO - Searching for files in /opt/airflow/dags
[2025-01-19T20:42:15.837+0000] {manager.py:741} INFO - There are 1 files in /opt/airflow/dags
[2025-01-19T20:42:22.671+0000] {manager.py:879} INFO - 
================================================================================
DAG File Processing Stats

File Path                         PID    Runtime      # DAGs    # Errors  Last Runtime    Last Run
--------------------------------  -----  ---------  --------  ----------  --------------  -------------------
/opt/airflow/dags/insert_data.py                           1           0  0.48s           2025-01-19T20:42:03
================================================================================
[2025-01-19T20:42:53.068+0000] {manager.py:879} INFO - 
================================================================================
DAG File Processing Stats

File Path                         PID    Runtime      # DAGs    # Errors  Last Runtime    Last Run
--------------------------------  -----  ---------  --------  ----------  --------------  -------------------
/opt/airflow/dags/insert_data.py                           1           0  0.45s           2025-01-19T20:42:34
================================================================================
[2025-01-19T20:43:23.235+0000] {manager.py:879} INFO - 
================================================================================
DAG File Processing Stats

File Path                         PID    Runtime      # DAGs    # Errors  Last Runtime    Last Run
--------------------------------  -----  ---------  --------  ----------  --------------  -------------------
/opt/airflow/dags/insert_data.py                           1           0  0.50s           2025-01-19T20:43:05
================================================================================
[2025-01-19T20:43:53.907+0000] {manager.py:879} INFO - 
================================================================================
DAG File Processing Stats

File Path                         PID    Runtime      # DAGs    # Errors  Last Runtime    Last Run
--------------------------------  -----  ---------  --------  ----------  --------------  -------------------
/opt/airflow/dags/insert_data.py                           1           0  0.53s           2025-01-19T20:43:35
================================================================================
[2025-01-19T20:44:24.140+0000] {manager.py:879} INFO - 
================================================================================
DAG File Processing Stats

File Path                         PID    Runtime      # DAGs    # Errors  Last Runtime    Last Run
--------------------------------  -----  ---------  --------  ----------  --------------  -------------------
/opt/airflow/dags/insert_data.py                           1           0  0.46s           2025-01-19T20:44:06
================================================================================
[2025-01-19T20:44:54.314+0000] {manager.py:879} INFO - 
================================================================================
DAG File Processing Stats

File Path                         PID    Runtime      # DAGs    # Errors  Last Runtime    Last Run
--------------------------------  -----  ---------  --------  ----------  --------------  -------------------
/opt/airflow/dags/insert_data.py                           1           0  0.48s           2025-01-19T20:44:37
================================================================================
[2025-01-19T20:45:24.508+0000] {manager.py:879} INFO - 
================================================================================
DAG File Processing Stats

File Path                         PID    Runtime      # DAGs    # Errors  Last Runtime    Last Run
--------------------------------  -----  ---------  --------  ----------  --------------  -------------------
/opt/airflow/dags/insert_data.py                           1           0  0.47s           2025-01-19T20:45:07
================================================================================
[2025-01-19T20:45:54.691+0000] {manager.py:879} INFO - 
================================================================================
DAG File Processing Stats

File Path                         PID    Runtime      # DAGs    # Errors  Last Runtime    Last Run
--------------------------------  -----  ---------  --------  ----------  --------------  -------------------
/opt/airflow/dags/insert_data.py                           1           0  0.62s           2025-01-19T20:45:38
================================================================================
[2025-01-19T20:46:24.912+0000] {manager.py:879} INFO - 
================================================================================
DAG File Processing Stats

File Path                         PID    Runtime      # DAGs    # Errors  Last Runtime    Last Run
--------------------------------  -----  ---------  --------  ----------  --------------  -------------------
/opt/airflow/dags/insert_data.py                           1           0  0.49s           2025-01-19T20:46:09
================================================================================
[2025-01-19T20:46:55.123+0000] {manager.py:879} INFO - 
================================================================================
DAG File Processing Stats

File Path                         PID    Runtime      # DAGs    # Errors  Last Runtime    Last Run
--------------------------------  -----  ---------  --------  ----------  --------------  -------------------
/opt/airflow/dags/insert_data.py                           1           0  0.63s           2025-01-19T20:46:40
================================================================================
[2025-01-19T20:47:16.302+0000] {manager.py:738} INFO - Searching for files in /opt/airflow/dags
[2025-01-19T20:47:16.319+0000] {manager.py:741} INFO - There are 1 files in /opt/airflow/dags
[2025-01-19T20:47:25.380+0000] {manager.py:879} INFO - 
================================================================================
DAG File Processing Stats

File Path                         PID    Runtime      # DAGs    # Errors  Last Runtime    Last Run
--------------------------------  -----  ---------  --------  ----------  --------------  -------------------
/opt/airflow/dags/insert_data.py                           1           0  0.46s           2025-01-19T20:47:10
================================================================================
[2025-01-19T20:47:55.427+0000] {manager.py:879} INFO - 
================================================================================
DAG File Processing Stats

File Path                         PID    Runtime      # DAGs    # Errors  Last Runtime    Last Run
--------------------------------  -----  ---------  --------  ----------  --------------  -------------------
/opt/airflow/dags/insert_data.py                           1           0  0.49s           2025-01-19T20:47:41
================================================================================
[2025-01-19T20:48:25.669+0000] {manager.py:879} INFO - 
================================================================================
DAG File Processing Stats

File Path                         PID    Runtime      # DAGs    # Errors  Last Runtime    Last Run
--------------------------------  -----  ---------  --------  ----------  --------------  -------------------
/opt/airflow/dags/insert_data.py                           1           0  0.46s           2025-01-19T20:48:11
================================================================================
[2025-01-19T20:48:55.753+0000] {manager.py:879} INFO - 
================================================================================
DAG File Processing Stats

File Path                         PID    Runtime      # DAGs    # Errors  Last Runtime    Last Run
--------------------------------  -----  ---------  --------  ----------  --------------  -------------------
/opt/airflow/dags/insert_data.py                           1           0  0.49s           2025-01-19T20:48:42
================================================================================
[2025-01-19T20:49:25.960+0000] {manager.py:879} INFO - 
================================================================================
DAG File Processing Stats

File Path                         PID    Runtime      # DAGs    # Errors  Last Runtime    Last Run
--------------------------------  -----  ---------  --------  ----------  --------------  -------------------
/opt/airflow/dags/insert_data.py                           1           0  0.51s           2025-01-19T20:49:13
================================================================================
[2025-01-19T20:49:56.135+0000] {manager.py:879} INFO - 
================================================================================
DAG File Processing Stats

File Path                         PID    Runtime      # DAGs    # Errors  Last Runtime    Last Run
--------------------------------  -----  ---------  --------  ----------  --------------  -------------------
/opt/airflow/dags/insert_data.py                           1           0  0.78s           2025-01-19T20:49:44
================================================================================
[2025-01-19T20:50:26.666+0000] {manager.py:879} INFO - 
================================================================================
DAG File Processing Stats

File Path                         PID    Runtime      # DAGs    # Errors  Last Runtime    Last Run
--------------------------------  -----  ---------  --------  ----------  --------------  -------------------
/opt/airflow/dags/insert_data.py                           1           0  0.46s           2025-01-19T20:50:15
================================================================================
[2025-01-19T20:50:56.844+0000] {manager.py:879} INFO - 
================================================================================
DAG File Processing Stats

File Path                         PID    Runtime      # DAGs    # Errors  Last Runtime    Last Run
--------------------------------  -----  ---------  --------  ----------  --------------  -------------------
/opt/airflow/dags/insert_data.py                           1           0  0.88s           2025-01-19T20:50:46
================================================================================
[2025-01-19T20:51:27.320+0000] {manager.py:879} INFO - 
================================================================================
DAG File Processing Stats

File Path                         PID    Runtime      # DAGs    # Errors  Last Runtime    Last Run
--------------------------------  -----  ---------  --------  ----------  --------------  -------------------
/opt/airflow/dags/insert_data.py                           1           0  0.51s           2025-01-19T20:51:16
================================================================================
[2025-01-19T20:51:57.532+0000] {manager.py:879} INFO - 
================================================================================
DAG File Processing Stats

File Path                         PID    Runtime      # DAGs    # Errors  Last Runtime    Last Run
--------------------------------  -----  ---------  --------  ----------  --------------  -------------------
/opt/airflow/dags/insert_data.py                           1           0  0.51s           2025-01-19T20:51:47
================================================================================
[2025-01-19T20:52:16.682+0000] {manager.py:738} INFO - Searching for files in /opt/airflow/dags
[2025-01-19T20:52:16.698+0000] {manager.py:741} INFO - There are 1 files in /opt/airflow/dags
[2025-01-19T20:52:28.221+0000] {manager.py:879} INFO - 
================================================================================
DAG File Processing Stats

File Path                         PID    Runtime      # DAGs    # Errors  Last Runtime    Last Run
--------------------------------  -----  ---------  --------  ----------  --------------  -------------------
/opt/airflow/dags/insert_data.py                           1           0  0.46s           2025-01-19T20:52:18
================================================================================
[2025-01-19T20:52:58.424+0000] {manager.py:879} INFO - 
================================================================================
DAG File Processing Stats

File Path                         PID    Runtime      # DAGs    # Errors  Last Runtime    Last Run
--------------------------------  -----  ---------  --------  ----------  --------------  -------------------
/opt/airflow/dags/insert_data.py                           1           0  0.46s           2025-01-19T20:52:48
================================================================================
[2025-01-19T20:53:28.581+0000] {manager.py:879} INFO - 
================================================================================
DAG File Processing Stats

File Path                         PID    Runtime      # DAGs    # Errors  Last Runtime    Last Run
--------------------------------  -----  ---------  --------  ----------  --------------  -------------------
/opt/airflow/dags/insert_data.py                           1           0  0.45s           2025-01-19T20:53:19
================================================================================
[2025-01-19T20:53:59.291+0000] {manager.py:879} INFO - 
================================================================================
DAG File Processing Stats

File Path                         PID    Runtime      # DAGs    # Errors  Last Runtime    Last Run
--------------------------------  -----  ---------  --------  ----------  --------------  -------------------
/opt/airflow/dags/insert_data.py                           1           0  0.49s           2025-01-19T20:53:50
================================================================================
[2025-01-19T20:54:29.511+0000] {manager.py:879} INFO - 
================================================================================
DAG File Processing Stats

File Path                         PID    Runtime      # DAGs    # Errors  Last Runtime    Last Run
--------------------------------  -----  ---------  --------  ----------  --------------  -------------------
/opt/airflow/dags/insert_data.py                           1           0  0.45s           2025-01-19T20:54:20
================================================================================
[2025-01-19T20:54:59.697+0000] {manager.py:879} INFO - 
================================================================================
DAG File Processing Stats

File Path                         PID    Runtime      # DAGs    # Errors  Last Runtime    Last Run
--------------------------------  -----  ---------  --------  ----------  --------------  -------------------
/opt/airflow/dags/insert_data.py                           1           0  0.60s           2025-01-19T20:54:51
================================================================================
[2025-01-19T20:55:30.143+0000] {manager.py:879} INFO - 
================================================================================
DAG File Processing Stats

File Path                         PID    Runtime      # DAGs    # Errors  Last Runtime    Last Run
--------------------------------  -----  ---------  --------  ----------  --------------  -------------------
/opt/airflow/dags/insert_data.py                           1           0  0.48s           2025-01-19T20:55:22
================================================================================
[2025-01-19T20:56:00.267+0000] {manager.py:879} INFO - 
================================================================================
DAG File Processing Stats

File Path                         PID    Runtime      # DAGs    # Errors  Last Runtime    Last Run
--------------------------------  -----  ---------  --------  ----------  --------------  -------------------
/opt/airflow/dags/insert_data.py                           1           0  0.46s           2025-01-19T20:55:53
================================================================================
[2025-01-19T20:56:30.398+0000] {manager.py:879} INFO - 
================================================================================
DAG File Processing Stats

File Path                         PID    Runtime      # DAGs    # Errors  Last Runtime    Last Run
--------------------------------  -----  ---------  --------  ----------  --------------  -------------------
/opt/airflow/dags/insert_data.py                           1           0  0.96s           2025-01-19T20:56:24
================================================================================
[2025-01-19T20:57:00.551+0000] {manager.py:879} INFO - 
================================================================================
DAG File Processing Stats

File Path                         PID    Runtime      # DAGs    # Errors  Last Runtime    Last Run
--------------------------------  -----  ---------  --------  ----------  --------------  -------------------
/opt/airflow/dags/insert_data.py                           1           0  0.53s           2025-01-19T20:56:55
================================================================================
[2025-01-19T20:57:17.183+0000] {manager.py:738} INFO - Searching for files in /opt/airflow/dags
[2025-01-19T20:57:17.200+0000] {manager.py:741} INFO - There are 1 files in /opt/airflow/dags
[2025-01-19T20:57:30.700+0000] {manager.py:879} INFO - 
================================================================================
DAG File Processing Stats

File Path                         PID    Runtime      # DAGs    # Errors  Last Runtime    Last Run
--------------------------------  -----  ---------  --------  ----------  --------------  -------------------
/opt/airflow/dags/insert_data.py                           1           0  0.53s           2025-01-19T20:57:25
================================================================================
[2025-01-19T20:58:01.002+0000] {manager.py:879} INFO - 
================================================================================
DAG File Processing Stats

File Path                         PID    Runtime      # DAGs    # Errors  Last Runtime    Last Run
--------------------------------  -----  ---------  --------  ----------  --------------  -------------------
/opt/airflow/dags/insert_data.py                           1           0  0.50s           2025-01-19T20:57:56
================================================================================
[2025-01-19T20:58:31.137+0000] {manager.py:879} INFO - 
================================================================================
DAG File Processing Stats

File Path                         PID    Runtime      # DAGs    # Errors  Last Runtime    Last Run
--------------------------------  -----  ---------  --------  ----------  --------------  -------------------
/opt/airflow/dags/insert_data.py                           1           0  0.49s           2025-01-19T20:58:27
================================================================================
[2025-01-19T20:59:01.329+0000] {manager.py:879} INFO - 
================================================================================
DAG File Processing Stats

File Path                         PID    Runtime      # DAGs    # Errors  Last Runtime    Last Run
--------------------------------  -----  ---------  --------  ----------  --------------  -------------------
/opt/airflow/dags/insert_data.py                           1           0  0.48s           2025-01-19T20:58:57
================================================================================
[2025-01-19T20:59:31.509+0000] {manager.py:879} INFO - 
================================================================================
DAG File Processing Stats

File Path                         PID    Runtime      # DAGs    # Errors  Last Runtime    Last Run
--------------------------------  -----  ---------  --------  ----------  --------------  -------------------
/opt/airflow/dags/insert_data.py                           1           0  0.53s           2025-01-19T20:59:28
================================================================================
[2025-01-19T21:00:01.751+0000] {manager.py:879} INFO - 
================================================================================
DAG File Processing Stats

File Path                         PID    Runtime      # DAGs    # Errors  Last Runtime    Last Run
--------------------------------  -----  ---------  --------  ----------  --------------  -------------------
/opt/airflow/dags/insert_data.py                           1           0  0.74s           2025-01-19T20:59:59
================================================================================
[2025-01-19T21:00:31.918+0000] {manager.py:879} INFO - 
================================================================================
DAG File Processing Stats

File Path                         PID    Runtime      # DAGs    # Errors  Last Runtime    Last Run
--------------------------------  -----  ---------  --------  ----------  --------------  -------------------
/opt/airflow/dags/insert_data.py                           1           0  0.72s           2025-01-19T21:00:30
================================================================================
[2025-01-19T21:01:02.031+0000] {manager.py:879} INFO - 
================================================================================
DAG File Processing Stats

File Path                         PID    Runtime      # DAGs    # Errors  Last Runtime    Last Run
--------------------------------  -----  ---------  --------  ----------  --------------  -------------------
/opt/airflow/dags/insert_data.py                           1           0  0.48s           2025-01-19T21:01:01
================================================================================
[2025-01-19T21:01:32.226+0000] {manager.py:879} INFO - 
================================================================================
DAG File Processing Stats

File Path                         PID    Runtime      # DAGs    # Errors  Last Runtime    Last Run
--------------------------------  -----  ---------  --------  ----------  --------------  -------------------
/opt/airflow/dags/insert_data.py                           1           0  0.47s           2025-01-19T21:01:31
================================================================================
[2025-01-19T21:02:02.346+0000] {manager.py:879} INFO - 
================================================================================
DAG File Processing Stats

File Path                         PID    Runtime      # DAGs    # Errors  Last Runtime    Last Run
--------------------------------  -----  ---------  --------  ----------  --------------  -------------------
/opt/airflow/dags/insert_data.py                           1           0  0.47s           2025-01-19T21:02:02
================================================================================
[2025-01-19T21:02:17.483+0000] {manager.py:738} INFO - Searching for files in /opt/airflow/dags
[2025-01-19T21:02:17.517+0000] {manager.py:741} INFO - There are 1 files in /opt/airflow/dags
[2025-01-19T21:02:32.630+0000] {manager.py:879} INFO - 
================================================================================
DAG File Processing Stats

File Path                           PID  Runtime      # DAGs    # Errors  Last Runtime    Last Run
--------------------------------  -----  ---------  --------  ----------  --------------  -------------------
/opt/airflow/dags/insert_data.py    556  0.00s             1           0  0.47s           2025-01-19T21:02:02
================================================================================
[2025-01-19T21:03:03.358+0000] {manager.py:879} INFO - 
================================================================================
DAG File Processing Stats

File Path                           PID  Runtime      # DAGs    # Errors  Last Runtime    Last Run
--------------------------------  -----  ---------  --------  ----------  --------------  -------------------
/opt/airflow/dags/insert_data.py    564  0.00s             1           0  0.66s           2025-01-19T21:02:33
================================================================================
[2025-01-19T21:03:33.674+0000] {manager.py:879} INFO - 
================================================================================
DAG File Processing Stats

File Path                         PID    Runtime      # DAGs    # Errors  Last Runtime    Last Run
--------------------------------  -----  ---------  --------  ----------  --------------  -------------------
/opt/airflow/dags/insert_data.py                           1           0  0.69s           2025-01-19T21:03:04
================================================================================
[2025-01-19T21:04:03.891+0000] {manager.py:879} INFO - 
================================================================================
DAG File Processing Stats

File Path                         PID    Runtime      # DAGs    # Errors  Last Runtime    Last Run
--------------------------------  -----  ---------  --------  ----------  --------------  -------------------
/opt/airflow/dags/insert_data.py                           1           0  0.59s           2025-01-19T21:03:34
================================================================================
[2025-01-19T21:04:34.177+0000] {manager.py:879} INFO - 
================================================================================
DAG File Processing Stats

File Path                         PID    Runtime      # DAGs    # Errors  Last Runtime    Last Run
--------------------------------  -----  ---------  --------  ----------  --------------  -------------------
/opt/airflow/dags/insert_data.py                           1           0  0.46s           2025-01-19T21:04:05
================================================================================
[2025-01-19T21:05:04.301+0000] {manager.py:879} INFO - 
================================================================================
DAG File Processing Stats

File Path                         PID    Runtime      # DAGs    # Errors  Last Runtime    Last Run
--------------------------------  -----  ---------  --------  ----------  --------------  -------------------
/opt/airflow/dags/insert_data.py                           1           0  0.55s           2025-01-19T21:04:36
================================================================================
[2025-01-19T21:05:34.942+0000] {manager.py:879} INFO - 
================================================================================
DAG File Processing Stats

File Path                         PID    Runtime      # DAGs    # Errors  Last Runtime    Last Run
--------------------------------  -----  ---------  --------  ----------  --------------  -------------------
/opt/airflow/dags/insert_data.py                           1           0  0.47s           2025-01-19T21:05:06
================================================================================
[2025-01-19T21:06:05.161+0000] {manager.py:879} INFO - 
================================================================================
DAG File Processing Stats

File Path                         PID    Runtime      # DAGs    # Errors  Last Runtime    Last Run
--------------------------------  -----  ---------  --------  ----------  --------------  -------------------
/opt/airflow/dags/insert_data.py                           1           0  0.53s           2025-01-19T21:05:37
================================================================================
[2025-01-19T21:06:35.309+0000] {manager.py:879} INFO - 
================================================================================
DAG File Processing Stats

File Path                         PID    Runtime      # DAGs    # Errors  Last Runtime    Last Run
--------------------------------  -----  ---------  --------  ----------  --------------  -------------------
/opt/airflow/dags/insert_data.py                           1           0  0.49s           2025-01-19T21:06:08
================================================================================
[2025-01-19T21:07:05.498+0000] {manager.py:879} INFO - 
================================================================================
DAG File Processing Stats

File Path                         PID    Runtime      # DAGs    # Errors  Last Runtime    Last Run
--------------------------------  -----  ---------  --------  ----------  --------------  -------------------
/opt/airflow/dags/insert_data.py                           1           0  0.57s           2025-01-19T21:06:38
================================================================================
[2025-01-19T21:07:17.582+0000] {manager.py:738} INFO - Searching for files in /opt/airflow/dags
[2025-01-19T21:07:17.597+0000] {manager.py:741} INFO - There are 1 files in /opt/airflow/dags
[2025-01-19T21:07:35.778+0000] {manager.py:879} INFO - 
================================================================================
DAG File Processing Stats

File Path                         PID    Runtime      # DAGs    # Errors  Last Runtime    Last Run
--------------------------------  -----  ---------  --------  ----------  --------------  -------------------
/opt/airflow/dags/insert_data.py                           1           0  0.53s           2025-01-19T21:07:09
================================================================================
[2025-01-19T21:08:06.010+0000] {manager.py:879} INFO - 
================================================================================
DAG File Processing Stats

File Path                         PID    Runtime      # DAGs    # Errors  Last Runtime    Last Run
--------------------------------  -----  ---------  --------  ----------  --------------  -------------------
/opt/airflow/dags/insert_data.py                           1           0  0.62s           2025-01-19T21:07:40
================================================================================
[2025-01-19T21:08:36.207+0000] {manager.py:879} INFO - 
================================================================================
DAG File Processing Stats

File Path                         PID    Runtime      # DAGs    # Errors  Last Runtime    Last Run
--------------------------------  -----  ---------  --------  ----------  --------------  -------------------
/opt/airflow/dags/insert_data.py                           1           0  0.55s           2025-01-19T21:08:11
================================================================================
[2025-01-19T21:09:06.656+0000] {manager.py:879} INFO - 
================================================================================
DAG File Processing Stats

File Path                         PID    Runtime      # DAGs    # Errors  Last Runtime    Last Run
--------------------------------  -----  ---------  --------  ----------  --------------  -------------------
/opt/airflow/dags/insert_data.py                           1           0  0.46s           2025-01-19T21:08:41
================================================================================
[2025-01-19T21:09:37.130+0000] {manager.py:879} INFO - 
================================================================================
DAG File Processing Stats

File Path                         PID    Runtime      # DAGs    # Errors  Last Runtime    Last Run
--------------------------------  -----  ---------  --------  ----------  --------------  -------------------
/opt/airflow/dags/insert_data.py                           1           0  0.51s           2025-01-19T21:09:12
================================================================================
[2025-01-19T21:10:07.326+0000] {manager.py:879} INFO - 
================================================================================
DAG File Processing Stats

File Path                         PID    Runtime      # DAGs    # Errors  Last Runtime    Last Run
--------------------------------  -----  ---------  --------  ----------  --------------  -------------------
/opt/airflow/dags/insert_data.py                           1           0  0.54s           2025-01-19T21:09:43
================================================================================
[2025-01-19T21:10:37.556+0000] {manager.py:879} INFO - 
================================================================================
DAG File Processing Stats

File Path                         PID    Runtime      # DAGs    # Errors  Last Runtime    Last Run
--------------------------------  -----  ---------  --------  ----------  --------------  -------------------
/opt/airflow/dags/insert_data.py                           1           0  0.49s           2025-01-19T21:10:13
================================================================================
[2025-01-19T21:11:07.816+0000] {manager.py:879} INFO - 
================================================================================
DAG File Processing Stats

File Path                         PID    Runtime      # DAGs    # Errors  Last Runtime    Last Run
--------------------------------  -----  ---------  --------  ----------  --------------  -------------------
/opt/airflow/dags/insert_data.py                           1           0  0.76s           2025-01-19T21:10:44
================================================================================
[2025-01-19T21:11:38.180+0000] {manager.py:879} INFO - 
================================================================================
DAG File Processing Stats

File Path                         PID    Runtime      # DAGs    # Errors  Last Runtime    Last Run
--------------------------------  -----  ---------  --------  ----------  --------------  -------------------
/opt/airflow/dags/insert_data.py                           1           0  0.50s           2025-01-19T21:11:15
================================================================================
[2025-01-19T21:12:08.759+0000] {manager.py:879} INFO - 
================================================================================
DAG File Processing Stats

File Path                         PID    Runtime      # DAGs    # Errors  Last Runtime    Last Run
--------------------------------  -----  ---------  --------  ----------  --------------  -------------------
/opt/airflow/dags/insert_data.py                           1           0  0.47s           2025-01-19T21:11:46
================================================================================
[2025-01-19T21:12:17.711+0000] {manager.py:738} INFO - Searching for files in /opt/airflow/dags
[2025-01-19T21:12:17.726+0000] {manager.py:741} INFO - There are 1 files in /opt/airflow/dags
[2025-01-19T21:12:38.866+0000] {manager.py:879} INFO - 
================================================================================
DAG File Processing Stats

File Path                         PID    Runtime      # DAGs    # Errors  Last Runtime    Last Run
--------------------------------  -----  ---------  --------  ----------  --------------  -------------------
/opt/airflow/dags/insert_data.py                           1           0  0.49s           2025-01-19T21:12:16
================================================================================
[2025-01-19T21:13:09.546+0000] {manager.py:879} INFO - 
================================================================================
DAG File Processing Stats

File Path                         PID    Runtime      # DAGs    # Errors  Last Runtime    Last Run
--------------------------------  -----  ---------  --------  ----------  --------------  -------------------
/opt/airflow/dags/insert_data.py                           1           0  0.71s           2025-01-19T21:12:47
================================================================================
[2025-01-19T21:13:39.984+0000] {manager.py:879} INFO - 
================================================================================
DAG File Processing Stats

File Path                         PID    Runtime      # DAGs    # Errors  Last Runtime    Last Run
--------------------------------  -----  ---------  --------  ----------  --------------  -------------------
/opt/airflow/dags/insert_data.py                           1           0  0.48s           2025-01-19T21:13:18
================================================================================
[2025-01-19T21:14:10.199+0000] {manager.py:879} INFO - 
================================================================================
DAG File Processing Stats

File Path                         PID    Runtime      # DAGs    # Errors  Last Runtime    Last Run
--------------------------------  -----  ---------  --------  ----------  --------------  -------------------
/opt/airflow/dags/insert_data.py                           1           0  0.65s           2025-01-19T21:13:49
================================================================================
[2025-01-19T21:14:40.533+0000] {manager.py:879} INFO - 
================================================================================
DAG File Processing Stats

File Path                         PID    Runtime      # DAGs    # Errors  Last Runtime    Last Run
--------------------------------  -----  ---------  --------  ----------  --------------  -------------------
/opt/airflow/dags/insert_data.py                           1           0  0.50s           2025-01-19T21:14:19
================================================================================
[2025-01-19T21:15:11.113+0000] {manager.py:879} INFO - 
================================================================================
DAG File Processing Stats

File Path                         PID    Runtime      # DAGs    # Errors  Last Runtime    Last Run
--------------------------------  -----  ---------  --------  ----------  --------------  -------------------
/opt/airflow/dags/insert_data.py                           1           0  0.49s           2025-01-19T21:14:50
================================================================================
[2025-01-19T21:15:41.204+0000] {manager.py:879} INFO - 
================================================================================
DAG File Processing Stats

File Path                         PID    Runtime      # DAGs    # Errors  Last Runtime    Last Run
--------------------------------  -----  ---------  --------  ----------  --------------  -------------------
/opt/airflow/dags/insert_data.py                           1           0  0.53s           2025-01-19T21:15:21
================================================================================
[2025-01-19T21:16:11.381+0000] {manager.py:879} INFO - 
================================================================================
DAG File Processing Stats

File Path                         PID    Runtime      # DAGs    # Errors  Last Runtime    Last Run
--------------------------------  -----  ---------  --------  ----------  --------------  -------------------
/opt/airflow/dags/insert_data.py                           1           0  0.52s           2025-01-19T21:15:51
================================================================================
[2025-01-19T21:16:41.556+0000] {manager.py:879} INFO - 
================================================================================
DAG File Processing Stats

File Path                         PID    Runtime      # DAGs    # Errors  Last Runtime    Last Run
--------------------------------  -----  ---------  --------  ----------  --------------  -------------------
/opt/airflow/dags/insert_data.py                           1           0  0.51s           2025-01-19T21:16:22
================================================================================
[2025-01-19T21:17:11.775+0000] {manager.py:879} INFO - 
================================================================================
DAG File Processing Stats

File Path                         PID    Runtime      # DAGs    # Errors  Last Runtime    Last Run
--------------------------------  -----  ---------  --------  ----------  --------------  -------------------
/opt/airflow/dags/insert_data.py                           1           0  0.55s           2025-01-19T21:16:53
================================================================================
[2025-01-19T21:17:17.801+0000] {manager.py:738} INFO - Searching for files in /opt/airflow/dags
[2025-01-19T21:17:17.820+0000] {manager.py:741} INFO - There are 1 files in /opt/airflow/dags
[2025-01-19T21:17:41.965+0000] {manager.py:879} INFO - 
================================================================================
DAG File Processing Stats

File Path                         PID    Runtime      # DAGs    # Errors  Last Runtime    Last Run
--------------------------------  -----  ---------  --------  ----------  --------------  -------------------
/opt/airflow/dags/insert_data.py                           1           0  0.55s           2025-01-19T21:17:23
================================================================================
[2025-01-19T21:18:12.314+0000] {manager.py:879} INFO - 
================================================================================
DAG File Processing Stats

File Path                         PID    Runtime      # DAGs    # Errors  Last Runtime    Last Run
--------------------------------  -----  ---------  --------  ----------  --------------  -------------------
/opt/airflow/dags/insert_data.py                           1           0  0.47s           2025-01-19T21:17:54
================================================================================
[2025-01-19T21:18:42.786+0000] {manager.py:879} INFO - 
================================================================================
DAG File Processing Stats

File Path                         PID    Runtime      # DAGs    # Errors  Last Runtime    Last Run
--------------------------------  -----  ---------  --------  ----------  --------------  -------------------
/opt/airflow/dags/insert_data.py                           1           0  0.52s           2025-01-19T21:18:25
================================================================================
[2025-01-19T21:19:12.964+0000] {manager.py:879} INFO - 
================================================================================
DAG File Processing Stats

File Path                         PID    Runtime      # DAGs    # Errors  Last Runtime    Last Run
--------------------------------  -----  ---------  --------  ----------  --------------  -------------------
/opt/airflow/dags/insert_data.py                           1           0  0.54s           2025-01-19T21:18:55
================================================================================
[2025-01-19T21:19:43.205+0000] {manager.py:879} INFO - 
================================================================================
DAG File Processing Stats

File Path                         PID    Runtime      # DAGs    # Errors  Last Runtime    Last Run
--------------------------------  -----  ---------  --------  ----------  --------------  -------------------
/opt/airflow/dags/insert_data.py                           1           0  0.46s           2025-01-19T21:19:26
================================================================================
[2025-01-19T21:20:13.283+0000] {manager.py:879} INFO - 
================================================================================
DAG File Processing Stats

File Path                         PID    Runtime      # DAGs    # Errors  Last Runtime    Last Run
--------------------------------  -----  ---------  --------  ----------  --------------  -------------------
/opt/airflow/dags/insert_data.py                           1           0  0.49s           2025-01-19T21:19:57
================================================================================
[2025-01-19T21:20:43.370+0000] {manager.py:879} INFO - 
================================================================================
DAG File Processing Stats

File Path                         PID    Runtime      # DAGs    # Errors  Last Runtime    Last Run
--------------------------------  -----  ---------  --------  ----------  --------------  -------------------
/opt/airflow/dags/insert_data.py                           1           0  0.90s           2025-01-19T21:20:28
================================================================================
[2025-01-19T21:21:13.618+0000] {manager.py:879} INFO - 
================================================================================
DAG File Processing Stats

File Path                         PID    Runtime      # DAGs    # Errors  Last Runtime    Last Run
--------------------------------  -----  ---------  --------  ----------  --------------  -------------------
/opt/airflow/dags/insert_data.py                           1           0  0.49s           2025-01-19T21:20:58
================================================================================
[2025-01-19T21:21:43.812+0000] {manager.py:879} INFO - 
================================================================================
DAG File Processing Stats

File Path                         PID    Runtime      # DAGs    # Errors  Last Runtime    Last Run
--------------------------------  -----  ---------  --------  ----------  --------------  -------------------
/opt/airflow/dags/insert_data.py                           1           0  0.92s           2025-01-19T21:21:30
================================================================================
[2025-01-19T21:22:13.869+0000] {manager.py:879} INFO - 
================================================================================
DAG File Processing Stats

File Path                         PID    Runtime      # DAGs    # Errors  Last Runtime    Last Run
--------------------------------  -----  ---------  --------  ----------  --------------  -------------------
/opt/airflow/dags/insert_data.py                           1           0  0.56s           2025-01-19T21:22:00
================================================================================
[2025-01-19T21:22:17.887+0000] {manager.py:738} INFO - Searching for files in /opt/airflow/dags
[2025-01-19T21:22:17.904+0000] {manager.py:741} INFO - There are 1 files in /opt/airflow/dags
[2025-01-19T21:22:44.545+0000] {manager.py:879} INFO - 
================================================================================
DAG File Processing Stats

File Path                         PID    Runtime      # DAGs    # Errors  Last Runtime    Last Run
--------------------------------  -----  ---------  --------  ----------  --------------  -------------------
/opt/airflow/dags/insert_data.py                           1           0  0.62s           2025-01-19T21:22:31
================================================================================
[2025-01-19T21:23:14.912+0000] {manager.py:879} INFO - 
================================================================================
DAG File Processing Stats

File Path                         PID    Runtime      # DAGs    # Errors  Last Runtime    Last Run
--------------------------------  -----  ---------  --------  ----------  --------------  -------------------
/opt/airflow/dags/insert_data.py                           1           0  0.62s           2025-01-19T21:23:02
================================================================================
[2025-01-19T21:23:45.099+0000] {manager.py:879} INFO - 
================================================================================
DAG File Processing Stats

File Path                         PID    Runtime      # DAGs    # Errors  Last Runtime    Last Run
--------------------------------  -----  ---------  --------  ----------  --------------  -------------------
/opt/airflow/dags/insert_data.py                           1           0  0.50s           2025-01-19T21:23:33
================================================================================
[2025-01-19T21:24:15.777+0000] {manager.py:879} INFO - 
================================================================================
DAG File Processing Stats

File Path                         PID    Runtime      # DAGs    # Errors  Last Runtime    Last Run
--------------------------------  -----  ---------  --------  ----------  --------------  -------------------
/opt/airflow/dags/insert_data.py                           1           0  0.58s           2025-01-19T21:24:03
================================================================================
[2025-01-19T21:24:46.070+0000] {manager.py:879} INFO - 
================================================================================
DAG File Processing Stats

File Path                         PID    Runtime      # DAGs    # Errors  Last Runtime    Last Run
--------------------------------  -----  ---------  --------  ----------  --------------  -------------------
/opt/airflow/dags/insert_data.py                           1           0  0.50s           2025-01-19T21:24:34
================================================================================
[2025-01-19T21:25:16.201+0000] {manager.py:879} INFO - 
================================================================================
DAG File Processing Stats

File Path                         PID    Runtime      # DAGs    # Errors  Last Runtime    Last Run
--------------------------------  -----  ---------  --------  ----------  --------------  -------------------
/opt/airflow/dags/insert_data.py                           1           0  0.45s           2025-01-19T21:25:05
================================================================================
[2025-01-19T21:25:46.977+0000] {manager.py:879} INFO - 
================================================================================
DAG File Processing Stats

File Path                         PID    Runtime      # DAGs    # Errors  Last Runtime    Last Run
--------------------------------  -----  ---------  --------  ----------  --------------  -------------------
/opt/airflow/dags/insert_data.py                           1           0  0.74s           2025-01-19T21:25:36
================================================================================
[2025-01-19T21:26:17.367+0000] {manager.py:879} INFO - 
================================================================================
DAG File Processing Stats

File Path                         PID    Runtime      # DAGs    # Errors  Last Runtime    Last Run
--------------------------------  -----  ---------  --------  ----------  --------------  -------------------
/opt/airflow/dags/insert_data.py                           1           0  0.49s           2025-01-19T21:26:06
================================================================================
[2025-01-19T21:26:47.894+0000] {manager.py:879} INFO - 
================================================================================
DAG File Processing Stats

File Path                         PID    Runtime      # DAGs    # Errors  Last Runtime    Last Run
--------------------------------  -----  ---------  --------  ----------  --------------  -------------------
/opt/airflow/dags/insert_data.py                           1           0  0.47s           2025-01-19T21:26:37
================================================================================
[2025-01-19T21:27:18.003+0000] {manager.py:738} INFO - Searching for files in /opt/airflow/dags
[2025-01-19T21:27:18.015+0000] {manager.py:741} INFO - There are 1 files in /opt/airflow/dags
[2025-01-19T21:27:18.023+0000] {manager.py:879} INFO - 
================================================================================
DAG File Processing Stats

File Path                         PID    Runtime      # DAGs    # Errors  Last Runtime    Last Run
--------------------------------  -----  ---------  --------  ----------  --------------  -------------------
/opt/airflow/dags/insert_data.py                           1           0  0.45s           2025-01-19T21:27:07
================================================================================
[2025-01-19T21:27:48.191+0000] {manager.py:879} INFO - 
================================================================================
DAG File Processing Stats

File Path                         PID    Runtime      # DAGs    # Errors  Last Runtime    Last Run
--------------------------------  -----  ---------  --------  ----------  --------------  -------------------
/opt/airflow/dags/insert_data.py                           1           0  0.44s           2025-01-19T21:27:38
================================================================================
[2025-01-19T21:28:18.359+0000] {manager.py:879} INFO - 
================================================================================
DAG File Processing Stats

File Path                         PID    Runtime      # DAGs    # Errors  Last Runtime    Last Run
--------------------------------  -----  ---------  --------  ----------  --------------  -------------------
/opt/airflow/dags/insert_data.py                           1           0  0.47s           2025-01-19T21:28:09
================================================================================
[2025-01-19T21:28:48.588+0000] {manager.py:879} INFO - 
================================================================================
DAG File Processing Stats

File Path                         PID    Runtime      # DAGs    # Errors  Last Runtime    Last Run
--------------------------------  -----  ---------  --------  ----------  --------------  -------------------
/opt/airflow/dags/insert_data.py                           1           0  0.46s           2025-01-19T21:28:39
================================================================================
[2025-01-19T21:29:18.725+0000] {manager.py:879} INFO - 
================================================================================
DAG File Processing Stats

File Path                         PID    Runtime      # DAGs    # Errors  Last Runtime    Last Run
--------------------------------  -----  ---------  --------  ----------  --------------  -------------------
/opt/airflow/dags/insert_data.py                           1           0  0.45s           2025-01-19T21:29:10
================================================================================
[2025-01-19T21:29:48.978+0000] {manager.py:879} INFO - 
================================================================================
DAG File Processing Stats

File Path                         PID    Runtime      # DAGs    # Errors  Last Runtime    Last Run
--------------------------------  -----  ---------  --------  ----------  --------------  -------------------
/opt/airflow/dags/insert_data.py                           1           0  0.44s           2025-01-19T21:29:41
================================================================================
[2025-01-19T21:30:19.116+0000] {manager.py:879} INFO - 
================================================================================
DAG File Processing Stats

File Path                         PID    Runtime      # DAGs    # Errors  Last Runtime    Last Run
--------------------------------  -----  ---------  --------  ----------  --------------  -------------------
/opt/airflow/dags/insert_data.py                           1           0  0.47s           2025-01-19T21:30:12
================================================================================
[2025-01-19T21:30:49.874+0000] {manager.py:879} INFO - 
================================================================================
DAG File Processing Stats

File Path                         PID    Runtime      # DAGs    # Errors  Last Runtime    Last Run
--------------------------------  -----  ---------  --------  ----------  --------------  -------------------
/opt/airflow/dags/insert_data.py                           1           0  0.57s           2025-01-19T21:30:42
================================================================================
[2025-01-19T21:31:20.112+0000] {manager.py:879} INFO - 
================================================================================
DAG File Processing Stats

File Path                         PID    Runtime      # DAGs    # Errors  Last Runtime    Last Run
--------------------------------  -----  ---------  --------  ----------  --------------  -------------------
/opt/airflow/dags/insert_data.py                           1           0  0.50s           2025-01-19T21:31:13
================================================================================
[2025-01-19T21:31:50.240+0000] {manager.py:879} INFO - 
================================================================================
DAG File Processing Stats

File Path                         PID    Runtime      # DAGs    # Errors  Last Runtime    Last Run
--------------------------------  -----  ---------  --------  ----------  --------------  -------------------
/opt/airflow/dags/insert_data.py                           1           0  0.44s           2025-01-19T21:31:44
================================================================================
[2025-01-19T21:32:18.426+0000] {manager.py:738} INFO - Searching for files in /opt/airflow/dags
[2025-01-19T21:32:18.440+0000] {manager.py:741} INFO - There are 1 files in /opt/airflow/dags
[2025-01-19T21:32:20.456+0000] {manager.py:879} INFO - 
================================================================================
DAG File Processing Stats

File Path                         PID    Runtime      # DAGs    # Errors  Last Runtime    Last Run
--------------------------------  -----  ---------  --------  ----------  --------------  -------------------
/opt/airflow/dags/insert_data.py                           1           0  0.45s           2025-01-19T21:32:14
================================================================================
[2025-01-19T21:32:50.553+0000] {manager.py:879} INFO - 
================================================================================
DAG File Processing Stats

File Path                         PID    Runtime      # DAGs    # Errors  Last Runtime    Last Run
--------------------------------  -----  ---------  --------  ----------  --------------  -------------------
/opt/airflow/dags/insert_data.py                           1           0  0.46s           2025-01-19T21:32:45
================================================================================
[2025-01-19T21:33:20.776+0000] {manager.py:879} INFO - 
================================================================================
DAG File Processing Stats

File Path                         PID    Runtime      # DAGs    # Errors  Last Runtime    Last Run
--------------------------------  -----  ---------  --------  ----------  --------------  -------------------
/opt/airflow/dags/insert_data.py                           1           0  0.45s           2025-01-19T21:33:16
================================================================================
[2025-01-19T21:33:50.859+0000] {manager.py:879} INFO - 
================================================================================
DAG File Processing Stats

File Path                         PID    Runtime      # DAGs    # Errors  Last Runtime    Last Run
--------------------------------  -----  ---------  --------  ----------  --------------  -------------------
/opt/airflow/dags/insert_data.py                           1           0  0.46s           2025-01-19T21:33:46
================================================================================
[2025-01-19T21:34:21.088+0000] {manager.py:879} INFO - 
================================================================================
DAG File Processing Stats

File Path                         PID    Runtime      # DAGs    # Errors  Last Runtime    Last Run
--------------------------------  -----  ---------  --------  ----------  --------------  -------------------
/opt/airflow/dags/insert_data.py                           1           0  0.50s           2025-01-19T21:34:17
================================================================================
[2025-01-19T21:34:51.295+0000] {manager.py:879} INFO - 
================================================================================
DAG File Processing Stats

File Path                         PID    Runtime      # DAGs    # Errors  Last Runtime    Last Run
--------------------------------  -----  ---------  --------  ----------  --------------  -------------------
/opt/airflow/dags/insert_data.py                           1           0  0.54s           2025-01-19T21:34:48
================================================================================
[2025-01-19T21:35:21.506+0000] {manager.py:879} INFO - 
================================================================================
DAG File Processing Stats

File Path                         PID    Runtime      # DAGs    # Errors  Last Runtime    Last Run
--------------------------------  -----  ---------  --------  ----------  --------------  -------------------
/opt/airflow/dags/insert_data.py                           1           0  0.47s           2025-01-19T21:35:18
================================================================================
[2025-01-19T21:35:51.690+0000] {manager.py:879} INFO - 
================================================================================
DAG File Processing Stats

File Path                         PID    Runtime      # DAGs    # Errors  Last Runtime    Last Run
--------------------------------  -----  ---------  --------  ----------  --------------  -------------------
/opt/airflow/dags/insert_data.py                           1           0  0.52s           2025-01-19T21:35:49
================================================================================
[2025-01-19T21:36:21.944+0000] {manager.py:879} INFO - 
================================================================================
DAG File Processing Stats

File Path                         PID    Runtime      # DAGs    # Errors  Last Runtime    Last Run
--------------------------------  -----  ---------  --------  ----------  --------------  -------------------
/opt/airflow/dags/insert_data.py                           1           0  0.51s           2025-01-19T21:36:20
================================================================================
[2025-01-19T21:36:52.090+0000] {manager.py:879} INFO - 
================================================================================
DAG File Processing Stats

File Path                         PID    Runtime      # DAGs    # Errors  Last Runtime    Last Run
--------------------------------  -----  ---------  --------  ----------  --------------  -------------------
/opt/airflow/dags/insert_data.py                           1           0  0.57s           2025-01-19T21:36:51
================================================================================
[2025-01-19T21:37:19.274+0000] {manager.py:738} INFO - Searching for files in /opt/airflow/dags
[2025-01-19T21:37:19.289+0000] {manager.py:741} INFO - There are 1 files in /opt/airflow/dags
[2025-01-19T21:37:22.391+0000] {manager.py:879} INFO - 
================================================================================
DAG File Processing Stats

File Path                         PID    Runtime      # DAGs    # Errors  Last Runtime    Last Run
--------------------------------  -----  ---------  --------  ----------  --------------  -------------------
/opt/airflow/dags/insert_data.py                           1           0  0.49s           2025-01-19T21:37:21
================================================================================
[2025-01-19T21:37:52.581+0000] {manager.py:879} INFO - 
================================================================================
DAG File Processing Stats

File Path                           PID  Runtime      # DAGs    # Errors  Last Runtime    Last Run
--------------------------------  -----  ---------  --------  ----------  --------------  -------------------
/opt/airflow/dags/insert_data.py   1115  0.60s             1           0  0.49s           2025-01-19T21:37:21
================================================================================
[2025-01-19T21:38:22.785+0000] {manager.py:879} INFO - 
================================================================================
DAG File Processing Stats

File Path                           PID  Runtime      # DAGs    # Errors  Last Runtime    Last Run
--------------------------------  -----  ---------  --------  ----------  --------------  -------------------
/opt/airflow/dags/insert_data.py   1129  0.00s             1           0  0.64s           2025-01-19T21:37:52
================================================================================
[2025-01-19T21:38:52.971+0000] {manager.py:879} INFO - 
================================================================================
DAG File Processing Stats

File Path                         PID    Runtime      # DAGs    # Errors  Last Runtime    Last Run
--------------------------------  -----  ---------  --------  ----------  --------------  -------------------
/opt/airflow/dags/insert_data.py                           1           0  0.63s           2025-01-19T21:38:23
================================================================================
[2025-01-19T21:39:23.162+0000] {manager.py:879} INFO - 
================================================================================
DAG File Processing Stats

File Path                         PID    Runtime      # DAGs    # Errors  Last Runtime    Last Run
--------------------------------  -----  ---------  --------  ----------  --------------  -------------------
/opt/airflow/dags/insert_data.py                           1           0  0.65s           2025-01-19T21:38:54
================================================================================
[2025-01-19T21:39:53.600+0000] {manager.py:879} INFO - 
================================================================================
DAG File Processing Stats

File Path                         PID    Runtime      # DAGs    # Errors  Last Runtime    Last Run
--------------------------------  -----  ---------  --------  ----------  --------------  -------------------
/opt/airflow/dags/insert_data.py                           1           0  0.52s           2025-01-19T21:39:24
================================================================================
[2025-01-19T21:40:23.806+0000] {manager.py:879} INFO - 
================================================================================
DAG File Processing Stats

File Path                         PID    Runtime      # DAGs    # Errors  Last Runtime    Last Run
--------------------------------  -----  ---------  --------  ----------  --------------  -------------------
/opt/airflow/dags/insert_data.py                           1           0  0.47s           2025-01-19T21:39:55
================================================================================
[2025-01-19T21:40:54.030+0000] {manager.py:879} INFO - 
================================================================================
DAG File Processing Stats

File Path                         PID    Runtime      # DAGs    # Errors  Last Runtime    Last Run
--------------------------------  -----  ---------  --------  ----------  --------------  -------------------
/opt/airflow/dags/insert_data.py                           1           0  0.47s           2025-01-19T21:40:26
================================================================================
[2025-01-19T21:41:24.114+0000] {manager.py:879} INFO - 
================================================================================
DAG File Processing Stats

File Path                         PID    Runtime      # DAGs    # Errors  Last Runtime    Last Run
--------------------------------  -----  ---------  --------  ----------  --------------  -------------------
/opt/airflow/dags/insert_data.py                           1           0  0.46s           2025-01-19T21:40:56
================================================================================
[2025-01-19T21:41:54.825+0000] {manager.py:879} INFO - 
================================================================================
DAG File Processing Stats

File Path                         PID    Runtime      # DAGs    # Errors  Last Runtime    Last Run
--------------------------------  -----  ---------  --------  ----------  --------------  -------------------
/opt/airflow/dags/insert_data.py                           1           0  0.58s           2025-01-19T21:41:27
================================================================================
[2025-01-19T21:42:19.624+0000] {manager.py:738} INFO - Searching for files in /opt/airflow/dags
[2025-01-19T21:42:19.639+0000] {manager.py:741} INFO - There are 1 files in /opt/airflow/dags
[2025-01-19T21:42:24.997+0000] {manager.py:879} INFO - 
================================================================================
DAG File Processing Stats

File Path                         PID    Runtime      # DAGs    # Errors  Last Runtime    Last Run
--------------------------------  -----  ---------  --------  ----------  --------------  -------------------
/opt/airflow/dags/insert_data.py                           1           0  0.56s           2025-01-19T21:41:58
================================================================================
[2025-01-19T21:42:55.183+0000] {manager.py:879} INFO - 
================================================================================
DAG File Processing Stats

File Path                         PID    Runtime      # DAGs    # Errors  Last Runtime    Last Run
--------------------------------  -----  ---------  --------  ----------  --------------  -------------------
/opt/airflow/dags/insert_data.py                           1           0  0.49s           2025-01-19T21:42:29
================================================================================
[2025-01-19T21:43:25.514+0000] {manager.py:879} INFO - 
================================================================================
DAG File Processing Stats

File Path                         PID    Runtime      # DAGs    # Errors  Last Runtime    Last Run
--------------------------------  -----  ---------  --------  ----------  --------------  -------------------
/opt/airflow/dags/insert_data.py                           1           0  0.47s           2025-01-19T21:42:59
================================================================================
[2025-01-19T21:43:55.743+0000] {manager.py:879} INFO - 
================================================================================
DAG File Processing Stats

File Path                         PID    Runtime      # DAGs    # Errors  Last Runtime    Last Run
--------------------------------  -----  ---------  --------  ----------  --------------  -------------------
/opt/airflow/dags/insert_data.py                           1           0  0.66s           2025-01-19T21:43:30
================================================================================
[2025-01-19T21:44:25.927+0000] {manager.py:879} INFO - 
================================================================================
DAG File Processing Stats

File Path                         PID    Runtime      # DAGs    # Errors  Last Runtime    Last Run
--------------------------------  -----  ---------  --------  ----------  --------------  -------------------
/opt/airflow/dags/insert_data.py                           1           0  0.49s           2025-01-19T21:44:01
================================================================================
[2025-01-19T21:44:56.104+0000] {manager.py:879} INFO - 
================================================================================
DAG File Processing Stats

File Path                         PID    Runtime      # DAGs    # Errors  Last Runtime    Last Run
--------------------------------  -----  ---------  --------  ----------  --------------  -------------------
/opt/airflow/dags/insert_data.py                           1           0  0.93s           2025-01-19T21:44:32
================================================================================
[2025-01-19T21:45:26.210+0000] {manager.py:879} INFO - 
================================================================================
DAG File Processing Stats

File Path                         PID    Runtime      # DAGs    # Errors  Last Runtime    Last Run
--------------------------------  -----  ---------  --------  ----------  --------------  -------------------
/opt/airflow/dags/insert_data.py                           1           0  0.51s           2025-01-19T21:45:03
================================================================================
[2025-01-19T21:45:56.832+0000] {manager.py:879} INFO - 
================================================================================
DAG File Processing Stats

File Path                         PID    Runtime      # DAGs    # Errors  Last Runtime    Last Run
--------------------------------  -----  ---------  --------  ----------  --------------  -------------------
/opt/airflow/dags/insert_data.py                           1           0  0.51s           2025-01-19T21:45:33
================================================================================
[2025-01-19T21:46:27.122+0000] {manager.py:879} INFO - 
================================================================================
DAG File Processing Stats

File Path                         PID    Runtime      # DAGs    # Errors  Last Runtime    Last Run
--------------------------------  -----  ---------  --------  ----------  --------------  -------------------
/opt/airflow/dags/insert_data.py                           1           0  0.52s           2025-01-19T21:46:04
================================================================================
[2025-01-19T21:46:57.186+0000] {manager.py:879} INFO - 
================================================================================
DAG File Processing Stats

File Path                         PID    Runtime      # DAGs    # Errors  Last Runtime    Last Run
--------------------------------  -----  ---------  --------  ----------  --------------  -------------------
/opt/airflow/dags/insert_data.py                           1           0  0.46s           2025-01-19T21:46:35
================================================================================
[2025-01-19T21:47:19.830+0000] {manager.py:738} INFO - Searching for files in /opt/airflow/dags
[2025-01-19T21:47:19.849+0000] {manager.py:741} INFO - There are 1 files in /opt/airflow/dags
[2025-01-19T21:47:27.435+0000] {manager.py:879} INFO - 
================================================================================
DAG File Processing Stats

File Path                         PID    Runtime      # DAGs    # Errors  Last Runtime    Last Run
--------------------------------  -----  ---------  --------  ----------  --------------  -------------------
/opt/airflow/dags/insert_data.py                           1           0  0.54s           2025-01-19T21:47:05
================================================================================
[2025-01-19T21:47:58.135+0000] {manager.py:879} INFO - 
================================================================================
DAG File Processing Stats

File Path                         PID    Runtime      # DAGs    # Errors  Last Runtime    Last Run
--------------------------------  -----  ---------  --------  ----------  --------------  -------------------
/opt/airflow/dags/insert_data.py                           0           1  2.49s           2025-01-19T21:47:36
================================================================================
[2025-01-19T21:48:28.313+0000] {manager.py:879} INFO - 
================================================================================
DAG File Processing Stats

File Path                         PID    Runtime      # DAGs    # Errors  Last Runtime    Last Run
--------------------------------  -----  ---------  --------  ----------  --------------  -------------------
/opt/airflow/dags/insert_data.py                           0           1  0.53s           2025-01-19T21:48:07
================================================================================
[2025-01-19T21:48:58.402+0000] {manager.py:879} INFO - 
================================================================================
DAG File Processing Stats

File Path                         PID    Runtime      # DAGs    # Errors  Last Runtime    Last Run
--------------------------------  -----  ---------  --------  ----------  --------------  -------------------
/opt/airflow/dags/insert_data.py                           0           1  0.41s           2025-01-19T21:48:38
================================================================================
